2025-05-22 00:42:35 - Starting ProyectoFinalDwsdiwApplication using Java 17.0.4.1 with PID 12548 (C:\Users\ivanr\OneDrive\Escritorio\Java\apiProyectoFinal\target\classes started by ivanr in C:\Users\ivanr\OneDrive\Escritorio\Java\apiProyectoFinal)
2025-05-22 00:42:35 - No active profile set, falling back to 1 default profile: "default"
2025-05-22 00:42:36 - Bootstrapping Spring Data JPA repositories in DEFAULT mode.
2025-05-22 00:42:36 - Finished Spring Data repository scanning in 67 ms. Found 7 JPA repository interfaces.
2025-05-22 00:42:36 - Tomcat initialized with port 8081 (http)
2025-05-22 00:42:36 - Starting service [Tomcat]
2025-05-22 00:42:36 - Starting Servlet engine: [Apache Tomcat/10.1.34]
2025-05-22 00:42:36 - Initializing Spring embedded WebApplicationContext
2025-05-22 00:42:36 - Root WebApplicationContext: initialization completed in 1775 ms
2025-05-22 00:42:37 - HHH000204: Processing PersistenceUnitInfo [name: default]
2025-05-22 00:42:37 - HHH000412: Hibernate ORM core version 6.6.4.Final
2025-05-22 00:42:37 - HHH000026: Second-level cache disabled
2025-05-22 00:42:37 - No LoadTimeWeaver setup: ignoring JPA class transformer
2025-05-22 00:42:37 - HikariPool-1 - Starting...
2025-05-22 00:42:37 - HikariPool-1 - Added connection org.postgresql.jdbc.PgConnection@55e91e61
2025-05-22 00:42:37 - HikariPool-1 - Start completed.
2025-05-22 00:42:37 - HHH10001005: Database info:
	Database JDBC URL [Connecting through datasource 'HikariDataSource (HikariPool-1)']
	Database driver: undefined/unknown
	Database version: 17.0
	Autocommit mode: undefined/unknown
	Isolation level: undefined/unknown
	Minimum pool size: undefined/unknown
	Maximum pool size: undefined/unknown
2025-05-22 00:42:38 - HHH000489: No JTA platform available (set 'hibernate.transaction.jta.platform' to enable JTA platform integration)
2025-05-22 00:42:38 - Initialized JPA EntityManagerFactory for persistence unit 'default'
2025-05-22 00:42:39 - Hibernate is in classpath; If applicable, HQL parser will be used.
2025-05-22 00:42:39 - spring.jpa.open-in-view is enabled by default. Therefore, database queries may be performed during view rendering. Explicitly configure spring.jpa.open-in-view to disable this warning
2025-05-22 00:42:40 - Tomcat started on port 8081 (http) with context path '/'
2025-05-22 00:42:40 - Started ProyectoFinalDwsdiwApplication in 5.679 seconds (process running for 6.207)
2025-05-22 00:44:10 - Initializing Spring DispatcherServlet 'dispatcherServlet'
2025-05-22 00:44:10 - Initializing Servlet 'dispatcherServlet'
2025-05-22 00:44:10 - Completed initialization in 1 ms
2025-05-22 00:44:50 - Solicitud recibida para obtener todos los usuarios
2025-05-22 00:44:50 - Obteniendo todos los usuarios de la base de datos
2025-05-22 00:44:50 - Usuarios obtenidos: 4
2025-05-22 00:44:50 - Usuarios obtenidos: 4
2025-05-22 00:45:48 - Starting ProyectoFinalDwsdiwApplication using Java 17.0.4.1 with PID 18060 (C:\Users\ivanr\OneDrive\Escritorio\Java\apiProyectoFinal\target\classes started by ivanr in C:\Users\ivanr\OneDrive\Escritorio\Java\apiProyectoFinal)
2025-05-22 00:45:48 - No active profile set, falling back to 1 default profile: "default"
2025-05-22 00:45:49 - Bootstrapping Spring Data JPA repositories in DEFAULT mode.
2025-05-22 00:45:49 - Finished Spring Data repository scanning in 75 ms. Found 7 JPA repository interfaces.
2025-05-22 00:45:49 - Tomcat initialized with port 8081 (http)
2025-05-22 00:45:49 - Starting service [Tomcat]
2025-05-22 00:45:49 - Starting Servlet engine: [Apache Tomcat/10.1.34]
2025-05-22 00:45:49 - Initializing Spring embedded WebApplicationContext
2025-05-22 00:45:49 - Root WebApplicationContext: initialization completed in 1309 ms
2025-05-22 00:45:50 - HHH000204: Processing PersistenceUnitInfo [name: default]
2025-05-22 00:45:50 - HHH000412: Hibernate ORM core version 6.6.4.Final
2025-05-22 00:45:50 - HHH000026: Second-level cache disabled
2025-05-22 00:45:50 - No LoadTimeWeaver setup: ignoring JPA class transformer
2025-05-22 00:45:50 - HikariPool-1 - Starting...
2025-05-22 00:45:50 - HikariPool-1 - Added connection org.postgresql.jdbc.PgConnection@d85b399
2025-05-22 00:45:50 - HikariPool-1 - Start completed.
2025-05-22 00:45:50 - HHH10001005: Database info:
	Database JDBC URL [Connecting through datasource 'HikariDataSource (HikariPool-1)']
	Database driver: undefined/unknown
	Database version: 17.0
	Autocommit mode: undefined/unknown
	Isolation level: undefined/unknown
	Minimum pool size: undefined/unknown
	Maximum pool size: undefined/unknown
2025-05-22 00:45:51 - HHH000489: No JTA platform available (set 'hibernate.transaction.jta.platform' to enable JTA platform integration)
2025-05-22 00:45:51 - Initialized JPA EntityManagerFactory for persistence unit 'default'
2025-05-22 00:45:52 - Hibernate is in classpath; If applicable, HQL parser will be used.
2025-05-22 00:45:52 - spring.jpa.open-in-view is enabled by default. Therefore, database queries may be performed during view rendering. Explicitly configure spring.jpa.open-in-view to disable this warning
2025-05-22 00:45:52 - Tomcat started on port 8081 (http) with context path '/'
2025-05-22 00:45:52 - Started ProyectoFinalDwsdiwApplication in 4.707 seconds (process running for 5.135)
2025-05-22 00:46:20 - Starting ProyectoFinalDwsdiwApplication using Java 17.0.4.1 with PID 19072 (C:\Users\ivanr\OneDrive\Escritorio\Java\apiProyectoFinal\target\classes started by ivanr in C:\Users\ivanr\OneDrive\Escritorio\Java\apiProyectoFinal)
2025-05-22 00:46:20 - No active profile set, falling back to 1 default profile: "default"
2025-05-22 00:46:20 - Bootstrapping Spring Data JPA repositories in DEFAULT mode.
2025-05-22 00:46:20 - Finished Spring Data repository scanning in 68 ms. Found 7 JPA repository interfaces.
2025-05-22 00:46:21 - Tomcat initialized with port 8081 (http)
2025-05-22 00:46:21 - Starting service [Tomcat]
2025-05-22 00:46:21 - Starting Servlet engine: [Apache Tomcat/10.1.34]
2025-05-22 00:46:21 - Initializing Spring embedded WebApplicationContext
2025-05-22 00:46:21 - Root WebApplicationContext: initialization completed in 1300 ms
2025-05-22 00:46:21 - HHH000204: Processing PersistenceUnitInfo [name: default]
2025-05-22 00:46:21 - HHH000412: Hibernate ORM core version 6.6.4.Final
2025-05-22 00:46:21 - HHH000026: Second-level cache disabled
2025-05-22 00:46:22 - No LoadTimeWeaver setup: ignoring JPA class transformer
2025-05-22 00:46:22 - HikariPool-1 - Starting...
2025-05-22 00:46:22 - HikariPool-1 - Added connection org.postgresql.jdbc.PgConnection@3d235635
2025-05-22 00:46:22 - HikariPool-1 - Start completed.
2025-05-22 00:46:22 - HHH10001005: Database info:
	Database JDBC URL [Connecting through datasource 'HikariDataSource (HikariPool-1)']
	Database driver: undefined/unknown
	Database version: 17.0
	Autocommit mode: undefined/unknown
	Isolation level: undefined/unknown
	Minimum pool size: undefined/unknown
	Maximum pool size: undefined/unknown
2025-05-22 00:46:23 - HHH000489: No JTA platform available (set 'hibernate.transaction.jta.platform' to enable JTA platform integration)
2025-05-22 00:46:23 - Initialized JPA EntityManagerFactory for persistence unit 'default'
2025-05-22 00:46:23 - Hibernate is in classpath; If applicable, HQL parser will be used.
2025-05-22 00:46:24 - spring.jpa.open-in-view is enabled by default. Therefore, database queries may be performed during view rendering. Explicitly configure spring.jpa.open-in-view to disable this warning
2025-05-22 00:46:24 - Tomcat started on port 8081 (http) with context path '/'
2025-05-22 00:46:24 - Started ProyectoFinalDwsdiwApplication in 4.738 seconds (process running for 5.168)
2025-05-22 00:46:55 - Initializing Spring DispatcherServlet 'dispatcherServlet'
2025-05-22 00:46:55 - Initializing Servlet 'dispatcherServlet'
2025-05-22 00:46:55 - Completed initialization in 0 ms
2025-05-22 00:49:44 - Starting ProyectoFinalDwsdiwApplication using Java 17.0.4.1 with PID 11580 (C:\Users\ivanr\OneDrive\Escritorio\Java\apiProyectoFinal\target\classes started by ivanr in C:\Users\ivanr\OneDrive\Escritorio\Java\apiProyectoFinal)
2025-05-22 00:49:44 - No active profile set, falling back to 1 default profile: "default"
2025-05-22 00:49:45 - Bootstrapping Spring Data JPA repositories in DEFAULT mode.
2025-05-22 00:49:45 - Finished Spring Data repository scanning in 59 ms. Found 7 JPA repository interfaces.
2025-05-22 00:49:45 - Tomcat initialized with port 8081 (http)
2025-05-22 00:49:46 - Starting service [Tomcat]
2025-05-22 00:49:46 - Starting Servlet engine: [Apache Tomcat/10.1.34]
2025-05-22 00:49:46 - Initializing Spring embedded WebApplicationContext
2025-05-22 00:49:46 - Root WebApplicationContext: initialization completed in 1257 ms
2025-05-22 00:49:46 - HHH000204: Processing PersistenceUnitInfo [name: default]
2025-05-22 00:49:46 - HHH000412: Hibernate ORM core version 6.6.4.Final
2025-05-22 00:49:46 - HHH000026: Second-level cache disabled
2025-05-22 00:49:46 - No LoadTimeWeaver setup: ignoring JPA class transformer
2025-05-22 00:49:46 - HikariPool-1 - Starting...
2025-05-22 00:49:46 - HikariPool-1 - Added connection org.postgresql.jdbc.PgConnection@d85b399
2025-05-22 00:49:46 - HikariPool-1 - Start completed.
2025-05-22 00:49:46 - HHH10001005: Database info:
	Database JDBC URL [Connecting through datasource 'HikariDataSource (HikariPool-1)']
	Database driver: undefined/unknown
	Database version: 17.0
	Autocommit mode: undefined/unknown
	Isolation level: undefined/unknown
	Minimum pool size: undefined/unknown
	Maximum pool size: undefined/unknown
2025-05-22 00:49:47 - HHH000489: No JTA platform available (set 'hibernate.transaction.jta.platform' to enable JTA platform integration)
2025-05-22 00:49:47 - Initialized JPA EntityManagerFactory for persistence unit 'default'
2025-05-22 00:49:48 - Hibernate is in classpath; If applicable, HQL parser will be used.
2025-05-22 00:49:48 - spring.jpa.open-in-view is enabled by default. Therefore, database queries may be performed during view rendering. Explicitly configure spring.jpa.open-in-view to disable this warning
2025-05-22 00:49:48 - Tomcat started on port 8081 (http) with context path '/'
2025-05-22 00:49:48 - Started ProyectoFinalDwsdiwApplication in 4.49 seconds (process running for 4.9)
2025-05-22 00:50:28 - Initializing Spring DispatcherServlet 'dispatcherServlet'
2025-05-22 00:50:28 - Initializing Servlet 'dispatcherServlet'
2025-05-22 00:50:28 - Completed initialization in 1 ms
